2019-04-24 12:02:30 SELECT A.ARTIE_ID,A.PCLI_ID,B.ART_ID,C.COD_ART Codigo, C.ART_DES_COM Nombre,B.PCLI_P_VENTA Precio,
                        '0' Cantidad,'0' Total,C.ART_I_M_IVA Iva,'' Observacion,A.ARTIE_EST_LOG Estado
                        FROM VSSEAPEDIDO.ARTICULO_TIENDA A
                                INNER JOIN (VSSEAPEDIDO.PRECIO_CLIENTE B
                                                INNER JOIN VSSEAPEDIDO.ARTICULO C
                                                        ON C.ART_ID=B.ART_ID)
                                        ON A.PCLI_ID=B.PCLI_ID AND B.PCLI_EST_LOG=1
                WHERE A.ARTIE_EST_LOG=1 AND A.TIE_ID=0  ORDER BY C.ART_DES_COM
2019-04-24 12:02:35 SELECT A.ARTIE_ID,A.PCLI_ID,B.ART_ID,C.COD_ART Codigo, C.ART_DES_COM Nombre,B.PCLI_P_VENTA Precio,
                        '0' Cantidad,'0' Total,C.ART_I_M_IVA Iva,'' Observacion,A.ARTIE_EST_LOG Estado
                        FROM VSSEAPEDIDO.ARTICULO_TIENDA A
                                INNER JOIN (VSSEAPEDIDO.PRECIO_CLIENTE B
                                                INNER JOIN VSSEAPEDIDO.ARTICULO C
                                                        ON C.ART_ID=B.ART_ID)
                                        ON A.PCLI_ID=B.PCLI_ID AND B.PCLI_EST_LOG=1
                WHERE A.ARTIE_EST_LOG=1 AND A.TIE_ID=283  ORDER BY C.ART_DES_COM
2019-04-24 12:06:04 SELECT A.ARTIE_ID,A.PCLI_ID,B.ART_ID,C.COD_ART Codigo, C.ART_DES_COM Nombre,B.PCLI_P_VENTA Precio,
                        '0' Cantidad,'0' Total,C.ART_I_M_IVA Iva,'' Observacion,A.ARTIE_EST_LOG Estado
                        FROM VSSEAPEDIDO.ARTICULO_TIENDA A
                                INNER JOIN (VSSEAPEDIDO.PRECIO_CLIENTE B
                                                INNER JOIN VSSEAPEDIDO.ARTICULO C
                                                        ON C.ART_ID=B.ART_ID)
                                        ON A.PCLI_ID=B.PCLI_ID AND B.PCLI_EST_LOG=1
                WHERE A.ARTIE_EST_LOG=1 AND A.TIE_ID=0  ORDER BY C.ART_DES_COM
2019-04-24 12:06:36 SELECT A.ARTIE_ID,A.PCLI_ID,B.ART_ID,C.COD_ART Codigo, C.ART_DES_COM Nombre,B.PCLI_P_VENTA Precio,
                        '0' Cantidad,'0' Total,C.ART_I_M_IVA Iva,'' Observacion,A.ARTIE_EST_LOG Estado
                        FROM VSSEAPEDIDO.ARTICULO_TIENDA A
                                INNER JOIN (VSSEAPEDIDO.PRECIO_CLIENTE B
                                                INNER JOIN VSSEAPEDIDO.ARTICULO C
                                                        ON C.ART_ID=B.ART_ID)
                                        ON A.PCLI_ID=B.PCLI_ID AND B.PCLI_EST_LOG=1
                WHERE A.ARTIE_EST_LOG=1 AND A.TIE_ID=283  ORDER BY C.ART_DES_COM
2019-04-24 12:07:32 llego
2019-04-24 12:07:32 SELECT A.ARTIE_ID,A.PCLI_ID,B.ART_ID,C.COD_ART Codigo, C.ART_DES_COM Nombre,B.PCLI_P_VENTA Precio,
                        '0' Cantidad,'0' Total,C.ART_I_M_IVA Iva,'' Observacion,A.ARTIE_EST_LOG Estado
                        FROM VSSEAPEDIDO.ARTICULO_TIENDA A
                                INNER JOIN (VSSEAPEDIDO.PRECIO_CLIENTE B
                                                INNER JOIN VSSEAPEDIDO.ARTICULO C
                                                        ON C.ART_ID=B.ART_ID)
                                        ON A.PCLI_ID=B.PCLI_ID AND B.PCLI_EST_LOG=1
                WHERE A.ARTIE_EST_LOG=1 AND A.TIE_ID=0  ORDER BY C.ART_DES_COM
2019-04-24 12:08:26 SELECT A.ARTIE_ID,A.PCLI_ID,B.ART_ID,C.COD_ART Codigo, C.ART_DES_COM Nombre,B.PCLI_P_VENTA Precio,
                        '0' Cantidad,'0' Total,C.ART_I_M_IVA Iva,'' Observacion,A.ARTIE_EST_LOG Estado
                        FROM VSSEAPEDIDO.ARTICULO_TIENDA A
                                INNER JOIN (VSSEAPEDIDO.PRECIO_CLIENTE B
                                                INNER JOIN VSSEAPEDIDO.ARTICULO C
                                                        ON C.ART_ID=B.ART_ID)
                                        ON A.PCLI_ID=B.PCLI_ID AND B.PCLI_EST_LOG=1
                WHERE A.ARTIE_EST_LOG=1 AND A.TIE_ID=0  ORDER BY C.ART_DES_COM
2019-04-24 12:10:12 SELECT A.ARTIE_ID,A.PCLI_ID,B.ART_ID,C.COD_ART Codigo, C.ART_DES_COM Nombre,B.PCLI_P_VENTA Precio,
                        '0' Cantidad,'0' Total,C.ART_I_M_IVA Iva,'' Observacion,A.ARTIE_EST_LOG Estado
                        FROM VSSEAPEDIDO.ARTICULO_TIENDA A
                                INNER JOIN (VSSEAPEDIDO.PRECIO_CLIENTE B
                                                INNER JOIN VSSEAPEDIDO.ARTICULO C
                                                        ON C.ART_ID=B.ART_ID)
                                        ON A.PCLI_ID=B.PCLI_ID AND B.PCLI_EST_LOG=1
                WHERE A.ARTIE_EST_LOG=1 AND A.TIE_ID=0  ORDER BY C.ART_DES_COM
2019-04-24 16:27:32 llego
2019-04-24 16:36:26 llego
2019-04-24 16:39:25 llego
2019-04-24 16:57:54 llego
2019-04-24 17:01:09 llego
2019-04-24 17:01:18 llego
2019-04-24 17:01:24 llego
2019-04-24 17:01:28 llego
